TN:
SF:client/public/mockServiceWorker.js
FN:14,(anonymous_0)
FN:18,(anonymous_1)
FN:22,(anonymous_2)
FN:73,(anonymous_3)
FN:87,(anonymous_4)
FN:118,(anonymous_5)
FN:140,handleRequest
FN:148,(anonymous_7)
FN:174,resolveMainClient
FN:186,(anonymous_9)
FN:190,(anonymous_10)
FN:197,getResponse
FN:201,passthrough
FN:278,sendToClient
FN:279,(anonymous_14)
FN:282,(anonymous_15)
FN:294,sleep
FN:295,(anonymous_17)
FN:300,respondWithMock
FNF:19
FNH:0
FNDA:0,(anonymous_0)
FNDA:0,(anonymous_1)
FNDA:0,(anonymous_2)
FNDA:0,(anonymous_3)
FNDA:0,(anonymous_4)
FNDA:0,(anonymous_5)
FNDA:0,handleRequest
FNDA:0,(anonymous_7)
FNDA:0,resolveMainClient
FNDA:0,(anonymous_9)
FNDA:0,(anonymous_10)
FNDA:0,getResponse
FNDA:0,passthrough
FNDA:0,sendToClient
FNDA:0,(anonymous_14)
FNDA:0,(anonymous_15)
FNDA:0,sleep
FNDA:0,(anonymous_17)
FNDA:0,respondWithMock
DA:11,0
DA:12,0
DA:14,0
DA:15,0
DA:18,0
DA:19,0
DA:22,0
DA:23,0
DA:25,0
DA:26,0
DA:29,0
DA:31,0
DA:32,0
DA:35,0
DA:39,0
DA:41,0
DA:44,0
DA:48,0
DA:52,0
DA:56,0
DA:58,0
DA:62,0
DA:66,0
DA:67,0
DA:71,0
DA:73,0
DA:74,0
DA:78,0
DA:79,0
DA:82,0
DA:87,0
DA:88,0
DA:89,0
DA:92,0
DA:93,0
DA:97,0
DA:98,0
DA:103,0
DA:104,0
DA:110,0
DA:111,0
DA:115,0
DA:117,0
DA:119,0
DA:120,0
DA:125,0
DA:129,0
DA:141,0
DA:142,0
DA:147,0
DA:148,0
DA:149,0
DA:150,0
DA:167,0
DA:175,0
DA:177,0
DA:178,0
DA:181,0
DA:185,0
DA:188,0
DA:193,0
DA:198,0
DA:199,0
DA:204,0
DA:210,0
DA:212,0
DA:216,0
DA:217,0
DA:224,0
DA:225,0
DA:230,0
DA:231,0
DA:235,0
DA:256,0
DA:258,0
DA:262,0
DA:266,0
DA:267,0
DA:268,0
DA:271,0
DA:275,0
DA:279,0
DA:280,0
DA:282,0
DA:283,0
DA:284,0
DA:287,0
DA:290,0
DA:295,0
DA:296,0
DA:301,0
DA:302,0
LF:92
LH:0
BRDA:25,0,0,0
BRDA:25,1,0,0
BRDA:25,1,1,0
BRDA:31,2,0,0
BRDA:39,3,0,0
BRDA:39,3,1,0
BRDA:39,3,2,0
BRDA:39,3,3,0
BRDA:39,3,4,0
BRDA:78,4,0,0
BRDA:89,5,0,0
BRDA:89,5,1,0
BRDA:92,6,0,0
BRDA:97,7,0,0
BRDA:103,8,0,0
BRDA:103,9,0,0
BRDA:103,9,1,0
BRDA:110,10,0,0
BRDA:119,11,0,0
BRDA:147,12,0,0
BRDA:147,13,0,0
BRDA:147,13,1,0
BRDA:159,14,0,0
BRDA:159,14,1,0
BRDA:177,15,0,0
BRDA:177,16,0,0
BRDA:177,16,1,0
BRDA:177,17,0,0
BRDA:177,17,1,0
BRDA:216,18,0,0
BRDA:224,19,0,0
BRDA:230,20,0,0
BRDA:256,21,0,0
BRDA:256,21,1,0
BRDA:256,21,2,0
BRDA:283,22,0,0
BRDA:283,23,0,0
BRDA:283,23,1,0
BRF:38
BRH:0
end_of_record
TN:
SF:client/src/index.tsx
FNF:0
FNH:0
DA:2,0
DA:3,0
DA:4,0
DA:5,0
DA:6,0
DA:7,0
DA:8,0
DA:9,0
DA:10,0
DA:12,0
DA:13,0
DA:14,0
DA:16,0
DA:17,0
DA:28,0
LF:15
LH:0
BRDA:12,0,0,0
BRF:1
BRH:0
end_of_record
TN:
SF:client/src/components/UI/atoms/Button/Button.tsx
FN:28,(anonymous_1)
FN:29,(anonymous_2)
FN:30,(anonymous_3)
FN:31,(anonymous_4)
FN:32,(anonymous_5)
FN:33,(anonymous_6)
FN:35,(anonymous_7)
FN:37,(anonymous_8)
FN:38,(anonymous_9)
FN:42,(anonymous_10)
FNF:10
FNH:10
FNDA:22,(anonymous_1)
FNDA:22,(anonymous_2)
FNDA:22,(anonymous_3)
FNDA:22,(anonymous_4)
FNDA:22,(anonymous_5)
FNDA:22,(anonymous_6)
FNDA:22,(anonymous_7)
FNDA:22,(anonymous_8)
FNDA:22,(anonymous_9)
FNDA:22,(anonymous_10)
DA:2,7
DA:22,7
DA:28,22
DA:29,22
DA:30,22
DA:31,22
DA:32,22
DA:33,22
DA:35,22
DA:37,22
DA:38,22
DA:42,22
DA:43,22
DA:50,7
LF:14
LH:14
BRDA:28,0,0,22
BRDA:28,0,1,5
BRDA:29,1,0,22
BRDA:29,1,1,0
BRDA:30,2,0,22
BRDA:30,2,1,17
BRDA:31,3,0,22
BRDA:31,3,1,17
BRDA:32,4,0,22
BRDA:32,4,1,0
BRDA:32,5,0,22
BRDA:32,5,1,22
BRDA:33,6,0,17
BRDA:33,6,1,5
BRDA:33,7,0,22
BRDA:33,7,1,22
BRDA:35,8,0,15
BRDA:35,8,1,7
BRDA:35,9,0,22
BRDA:35,9,1,22
BRDA:37,10,0,22
BRDA:37,10,1,22
BRDA:38,11,0,22
BRDA:38,11,1,22
BRF:24
BRH:22
end_of_record
TN:
SF:client/src/components/UI/atoms/Button/index.tsx
FN:1,(anonymous_0)
FNF:1
FNH:1
FNDA:22,(anonymous_0)
DA:1,29
LF:1
LH:1
BRF:0
BRH:0
end_of_record
TN:
SF:client/src/components/UI/atoms/CameraBtn/index.tsx
FN:10,(anonymous_0)
FN:11,(anonymous_1)
FN:14,(anonymous_2)
FN:16,(anonymous_3)
FNF:4
FNH:3
FNDA:6,(anonymous_0)
FNDA:10,(anonymous_1)
FNDA:1,(anonymous_2)
FNDA:0,(anonymous_3)
DA:1,3
DA:2,3
DA:3,3
DA:4,3
DA:5,3
DA:6,3
DA:10,3
DA:11,10
DA:12,6
DA:14,6
DA:15,1
DA:16,1
DA:19,6
DA:30,3
LF:14
LH:14
BRDA:16,0,0,1
BRDA:16,0,1,0
BRDA:16,1,0,1
BRDA:16,1,1,0
BRDA:23,2,0,1
BRDA:23,2,1,5
BRDA:25,3,0,5
BRDA:25,3,1,1
BRF:8
BRH:6
end_of_record
TN:
SF:client/src/components/UI/atoms/Chat/index.tsx
FN:16,(anonymous_0)
FN:21,(anonymous_1)
FN:25,(anonymous_2)
FN:26,(anonymous_3)
FN:33,(anonymous_4)
FNF:5
FNH:5
FNDA:55,(anonymous_0)
FNDA:55,(anonymous_1)
FNDA:55,(anonymous_2)
FNDA:55,(anonymous_3)
FNDA:55,(anonymous_4)
DA:2,4
DA:12,4
DA:16,55
DA:19,4
DA:21,55
DA:24,4
DA:25,55
DA:26,55
DA:33,4
DA:34,55
DA:44,4
LF:11
LH:11
BRDA:16,0,0,55
BRDA:16,0,1,30
BRDA:25,1,0,25
BRDA:25,1,1,30
BRDA:26,2,0,25
BRDA:26,2,1,30
BRF:6
BRH:6
end_of_record
TN:
SF:client/src/components/UI/atoms/D_Day/index.tsx
FN:11,(anonymous_0)
FN:12,(anonymous_1)
FN:20,(anonymous_2)
FNF:3
FNH:3
FNDA:8,(anonymous_0)
FNDA:8,(anonymous_1)
FNDA:8,(anonymous_2)
DA:1,4
DA:3,4
DA:5,4
DA:11,8
DA:12,8
DA:20,4
DA:21,8
DA:28,4
LF:8
LH:8
BRDA:11,0,0,8
BRDA:11,0,1,4
BRF:2
BRH:2
end_of_record
TN:
SF:client/src/components/UI/atoms/ExitBtn/index.tsx
FN:6,(anonymous_0)
FN:9,(anonymous_1)
FNF:2
FNH:2
FNDA:3,(anonymous_0)
FNDA:3,(anonymous_1)
DA:1,3
DA:2,3
DA:3,3
DA:5,3
DA:6,3
DA:9,3
DA:10,3
DA:17,3
LF:8
LH:8
BRF:0
BRH:0
end_of_record
TN:
SF:client/src/components/UI/atoms/FeatureModeSelector/index.tsx
FN:24,(anonymous_0)
FN:31,(anonymous_1)
FN:33,(anonymous_2)
FN:36,(anonymous_3)
FN:60,(anonymous_4)
FN:60,(anonymous_5)
FN:68,(anonymous_6)
FNF:7
FNH:7
FNDA:24,(anonymous_0)
FNDA:8,(anonymous_1)
FNDA:17,(anonymous_2)
FNDA:7,(anonymous_3)
FNDA:24,(anonymous_4)
FNDA:3,(anonymous_5)
FNDA:24,(anonymous_6)
DA:1,3
DA:2,3
DA:3,3
DA:5,3
DA:8,3
DA:9,3
DA:10,3
DA:12,3
DA:18,3
DA:24,24
DA:27,3
DA:28,3
DA:29,3
DA:31,3
DA:32,8
DA:33,17
DA:35,8
DA:36,7
DA:59,8
DA:60,24
DA:61,3
DA:66,8
DA:69,24
DA:83,3
LF:24
LH:24
BRDA:24,0,0,8
BRDA:24,0,1,16
BRDA:41,1,0,1
BRDA:41,1,1,6
BRDA:47,2,0,1
BRDA:47,2,1,6
BRDA:53,3,0,5
BRDA:53,3,1,2
BRF:8
BRH:8
end_of_record
TN:
SF:client/src/components/UI/atoms/ImageChip/index.tsx
FN:5,(anonymous_0)
FN:6,(anonymous_1)
FN:16,(anonymous_2)
FN:31,(anonymous_3)
FNF:4
FNH:4
FNDA:8,(anonymous_0)
FNDA:8,(anonymous_1)
FNDA:8,(anonymous_2)
FNDA:8,(anonymous_3)
DA:2,4
DA:4,4
DA:5,8
DA:6,8
DA:16,8
DA:31,4
DA:32,8
DA:39,4
LF:8
LH:8
BRDA:34,0,0,2
BRDA:34,0,1,6
BRF:2
BRH:2
end_of_record
TN:
SF:client/src/components/UI/atoms/Loading/index.tsx
FN:50,(anonymous_0)
FNF:1
FNH:0
FNDA:0,(anonymous_0)
DA:2,0
DA:4,0
DA:6,0
DA:15,0
DA:45,0
DA:50,0
DA:51,0
DA:60,0
LF:8
LH:0
BRF:0
BRH:0
end_of_record
TN:
SF:client/src/components/UI/atoms/MuteBtn/index.tsx
FN:16,(anonymous_0)
FN:17,(anonymous_1)
FN:20,(anonymous_2)
FN:23,(anonymous_3)
FN:25,(anonymous_4)
FN:32,(anonymous_5)
FN:34,(anonymous_6)
FNF:7
FNH:4
FNDA:6,(anonymous_0)
FNDA:10,(anonymous_1)
FNDA:1,(anonymous_2)
FNDA:0,(anonymous_3)
FNDA:0,(anonymous_4)
FNDA:1,(anonymous_5)
FNDA:0,(anonymous_6)
DA:1,3
DA:2,3
DA:3,3
DA:4,3
DA:5,3
DA:6,3
DA:16,3
DA:17,10
DA:18,6
DA:20,6
DA:21,1
DA:22,0
DA:23,0
DA:24,0
DA:25,0
DA:26,0
DA:28,0
DA:32,6
DA:33,1
DA:34,1
DA:35,1
DA:38,6
DA:49,3
LF:23
LH:17
BRDA:21,0,0,1
BRDA:22,1,0,0
BRDA:22,1,1,0
BRDA:22,2,0,0
BRDA:22,2,1,0
BRDA:26,3,0,0
BRDA:26,3,1,0
BRDA:26,4,0,0
BRDA:26,4,1,0
BRDA:28,5,0,0
BRDA:28,5,1,0
BRDA:28,6,0,0
BRDA:28,6,1,0
BRDA:34,7,0,1
BRDA:34,7,1,0
BRDA:34,8,0,1
BRDA:34,8,1,0
BRDA:42,9,0,1
BRDA:42,9,1,5
BRDA:44,10,0,1
BRDA:44,10,1,5
BRF:21
BRH:7
end_of_record
TN:
SF:client/src/components/UI/atoms/Participants/index.tsx
FN:49,(anonymous_0)
FN:51,(anonymous_1)
FN:52,(anonymous_2)
FNF:3
FNH:3
FNDA:11,(anonymous_0)
FNDA:1,(anonymous_1)
FNDA:1,(anonymous_2)
DA:1,4
DA:2,4
DA:3,4
DA:4,4
DA:5,4
DA:6,4
DA:7,4
DA:9,4
DA:35,4
DA:38,4
DA:49,4
DA:50,11
DA:51,11
DA:52,1
DA:54,11
DA:76,4
LF:16
LH:16
BRDA:60,0,0,4
BRDA:60,0,1,7
BRDA:61,1,0,7
BRDA:61,1,1,4
BRDA:62,2,0,1
BRDA:62,2,1,10
BRF:6
BRH:6
end_of_record
TN:
SF:client/src/components/UI/atoms/RoomBtn/index.tsx
FN:6,(anonymous_0)
FN:23,(anonymous_1)
FNF:2
FNH:2
FNDA:13,(anonymous_0)
FNDA:13,(anonymous_1)
DA:2,4
DA:4,4
DA:6,13
DA:23,4
DA:24,13
DA:27,4
LF:6
LH:6
BRF:0
BRH:0
end_of_record
TN:
SF:client/src/components/UI/atoms/TicketBarCode/index.tsx
FN:5,(anonymous_0)
FN:7,(anonymous_1)
FN:8,(anonymous_2)
FN:13,(anonymous_3)
FNF:4
FNH:4
FNDA:10,(anonymous_0)
FNDA:10,(anonymous_1)
FNDA:10,(anonymous_2)
FNDA:10,(anonymous_3)
DA:2,5
DA:4,5
DA:5,10
DA:7,10
DA:8,10
DA:13,5
DA:14,10
DA:17,5
LF:8
LH:8
BRF:0
BRH:0
end_of_record
TN:
SF:client/src/components/UI/atoms/Video/index.tsx
FN:3,(anonymous_0)
FN:5,(anonymous_1)
FNF:2
FNH:2
FNDA:2,(anonymous_0)
FNDA:2,(anonymous_1)
DA:1,1
DA:3,1
DA:4,2
DA:5,2
DA:6,2
DA:7,2
DA:8,0
DA:10,2
DA:13,1
LF:9
LH:8
BRDA:6,0,0,0
BRDA:7,1,0,2
BRF:2
BRH:1
end_of_record
TN:
SF:client/src/components/UI/atoms/calendarNextBtn/index.tsx
FN:8,(anonymous_0)
FN:11,(anonymous_1)
FN:14,(anonymous_2)
FNF:3
FNH:3
FNDA:4,(anonymous_0)
FNDA:4,(anonymous_1)
FNDA:1,(anonymous_2)
DA:1,4
DA:2,4
DA:3,4
DA:6,4
DA:8,4
DA:9,4
DA:10,4
DA:11,4
DA:14,4
DA:15,1
DA:16,0
DA:17,0
DA:18,1
DA:21,4
DA:28,4
LF:15
LH:13
BRDA:15,0,0,0
BRDA:15,0,1,1
BRF:2
BRH:1
end_of_record
TN:
SF:client/src/components/UI/atoms/calendarPrevBtn/index.tsx
FN:8,(anonymous_0)
FN:11,(anonymous_1)
FN:14,(anonymous_2)
FNF:3
FNH:3
FNDA:4,(anonymous_0)
FNDA:4,(anonymous_1)
FNDA:1,(anonymous_2)
DA:1,4
DA:2,4
DA:3,4
DA:6,4
DA:8,4
DA:9,4
DA:10,4
DA:11,4
DA:14,4
DA:15,1
DA:16,0
DA:17,0
DA:18,1
DA:21,4
DA:28,4
LF:15
LH:13
BRDA:15,0,0,0
BRDA:15,0,1,1
BRF:2
BRH:1
end_of_record
TN:
SF:client/src/components/UI/atoms/chatForm/index.tsx
FN:24,(anonymous_0)
FN:35,(anonymous_1)
FNF:2
FNH:0
FNDA:0,(anonymous_0)
FNDA:0,(anonymous_1)
DA:1,0
DA:3,0
DA:5,0
DA:24,0
DA:35,0
DA:36,0
DA:46,0
LF:7
LH:0
BRF:0
BRH:0
end_of_record
TN:
SF:client/src/components/UI/molecules/ChatList/index.tsx
FN:24,(anonymous_0)
FN:27,(anonymous_1)
FNF:2
FNH:2
FNDA:5,(anonymous_0)
FNDA:55,(anonymous_1)
DA:2,4
DA:5,4
DA:11,4
DA:24,4
DA:25,5
DA:28,55
DA:39,4
LF:7
LH:7
BRF:0
BRH:0
end_of_record
TN:
SF:client/src/components/UI/molecules/InputForm/index.tsx
FN:28,(anonymous_0)
FN:29,(anonymous_1)
FN:39,(anonymous_2)
FNF:3
FNH:1
FNDA:5,(anonymous_0)
FNDA:0,(anonymous_1)
FNDA:0,(anonymous_2)
DA:2,4
DA:4,4
DA:5,4
DA:6,4
DA:8,4
DA:28,4
DA:29,5
DA:30,0
DA:31,0
DA:34,5
DA:39,0
DA:49,4
LF:12
LH:9
BRF:0
BRH:0
end_of_record
TN:
SF:client/src/components/UI/molecules/allTicket/index.tsx
FN:50,(anonymous_0)
FN:72,(anonymous_1)
FN:88,(anonymous_2)
FN:91,(anonymous_3)
FNF:4
FNH:4
FNDA:15,(anonymous_0)
FNDA:15,(anonymous_1)
FNDA:15,(anonymous_2)
FNDA:1,(anonymous_3)
DA:1,2
DA:2,2
DA:3,2
DA:4,2
DA:5,2
DA:7,2
DA:8,2
DA:10,2
DA:32,2
DA:50,15
DA:60,2
DA:66,2
DA:72,15
DA:78,2
DA:88,2
DA:89,15
DA:91,15
DA:92,1
DA:95,15
DA:125,2
LF:20
LH:20
BRF:0
BRH:0
end_of_record
TN:
SF:client/src/components/UI/molecules/artistCard/index.tsx
FN:7,(anonymous_0)
FN:59,(anonymous_1)
FNF:2
FNH:2
FNDA:59,(anonymous_0)
FNDA:59,(anonymous_1)
DA:2,4
DA:4,4
DA:7,59
DA:25,4
DA:34,4
DA:59,4
DA:60,59
DA:71,4
LF:8
LH:8
BRF:0
BRH:0
end_of_record
TN:
SF:client/src/components/UI/molecules/artistListViewModeSelector/index.tsx
FN:21,(anonymous_0)
FN:30,(anonymous_1)
FN:31,(anonymous_2)
FN:35,(anonymous_3)
FN:35,(anonymous_4)
FN:42,(anonymous_5)
FNF:6
FNH:6
FNDA:15,(anonymous_0)
FNDA:5,(anonymous_1)
FNDA:9,(anonymous_2)
FNDA:15,(anonymous_3)
FNDA:1,(anonymous_4)
FNDA:15,(anonymous_5)
DA:2,3
DA:4,3
DA:5,3
DA:6,3
DA:8,3
DA:15,3
DA:21,15
DA:24,3
DA:30,3
DA:31,9
DA:32,5
DA:34,5
DA:35,15
DA:36,1
DA:40,5
DA:43,15
DA:55,3
LF:17
LH:17
BRDA:21,0,0,5
BRDA:21,0,1,10
BRF:2
BRH:2
end_of_record
TN:
SF:client/src/components/UI/molecules/calendarBody/index.tsx
FN:22,(anonymous_0)
FN:30,(anonymous_1)
FN:35,(anonymous_2)
FN:45,(anonymous_3)
FN:48,(anonymous_4)
FN:50,(anonymous_5)
FN:53,(anonymous_6)
FN:53,(anonymous_7)
FN:62,(anonymous_8)
FN:67,(anonymous_9)
FNF:10
FNH:9
FNDA:70,(anonymous_0)
FNDA:70,(anonymous_1)
FNDA:70,(anonymous_2)
FNDA:2,(anonymous_3)
FNDA:2,(anonymous_4)
FNDA:2,(anonymous_5)
FNDA:70,(anonymous_6)
FNDA:0,(anonymous_7)
FNDA:14,(anonymous_8)
FNDA:70,(anonymous_9)
DA:1,3
DA:4,3
DA:5,3
DA:6,3
DA:7,3
DA:9,3
DA:17,3
DA:21,3
DA:23,70
DA:30,70
DA:35,70
DA:41,3
DA:45,3
DA:46,2
DA:47,2
DA:48,2
DA:50,2
DA:52,2
DA:53,70
DA:54,0
DA:55,0
DA:60,2
DA:63,14
DA:68,70
DA:84,3
LF:25
LH:23
BRDA:23,0,0,2
BRDA:23,0,1,68
BRDA:25,1,0,58
BRDA:25,1,1,10
BRDA:26,2,0,16
BRDA:26,2,1,42
BRDA:30,3,0,2
BRDA:30,3,1,68
BRF:8
BRH:8
end_of_record
TN:
SF:client/src/components/UI/molecules/calendarBody/utils.ts
FN:8,(anonymous_0)
FN:27,(anonymous_1)
FNF:2
FNH:2
FNDA:3,(anonymous_0)
FNDA:105,(anonymous_1)
DA:1,3
DA:8,3
DA:9,3
DA:10,3
DA:11,3
DA:12,3
DA:13,3
DA:14,3
DA:15,3
DA:16,3
DA:17,3
DA:18,3
DA:19,3
DA:20,3
DA:21,6
DA:22,90
DA:24,3
DA:25,9
DA:27,3
DA:28,105
DA:29,3
DA:30,102
DA:31,30
DA:32,72
LF:24
LH:24
BRDA:28,0,0,3
BRDA:28,0,1,102
BRDA:28,1,0,105
BRDA:28,1,1,105
BRDA:28,1,2,105
BRDA:30,2,0,30
BRDA:30,2,1,72
BRDA:30,3,0,102
BRDA:30,3,1,87
BRF:9
BRH:9
end_of_record
TN:
SF:client/src/components/UI/molecules/calendarHeader/index.tsx
FN:17,(anonymous_0)
FN:53,(anonymous_1)
FN:65,(anonymous_2)
FN:67,(anonymous_3)
FN:80,(anonymous_4)
FN:91,(anonymous_5)
FNF:6
FNH:6
FNDA:2,(anonymous_0)
FNDA:4,(anonymous_1)
FNDA:2,(anonymous_2)
FNDA:2,(anonymous_3)
FNDA:4,(anonymous_4)
FNDA:3,(anonymous_5)
DA:4,3
DA:5,3
DA:7,3
DA:8,3
DA:10,3
DA:17,2
DA:24,3
DA:39,3
DA:45,3
DA:53,4
DA:60,3
DA:65,3
DA:66,2
DA:67,2
DA:70,2
DA:81,4
DA:91,3
DA:93,3
LF:18
LH:18
BRDA:91,0,0,0
BRDA:91,0,1,3
BRF:2
BRH:1
end_of_record
TN:
SF:client/src/components/UI/molecules/scheduleFanUpModal/constants.ts
FNF:0
FNH:0
DA:1,3
LF:1
LH:1
BRF:0
BRH:0
end_of_record
TN:
SF:client/src/components/UI/molecules/scheduleFanUpModal/index.tsx
FN:44,(anonymous_0)
FN:55,(anonymous_1)
FN:57,(anonymous_2)
FN:66,(anonymous_3)
FN:69,(anonymous_4)
FN:70,(anonymous_5)
FN:125,(anonymous_6)
FN:127,(anonymous_7)
FN:143,(anonymous_8)
FN:146,(anonymous_9)
FN:152,(anonymous_10)
FN:178,(anonymous_11)
FN:187,(anonymous_12)
FN:201,(anonymous_13)
FN:207,(anonymous_14)
FN:208,(anonymous_15)
FN:241,(anonymous_16)
FN:249,(anonymous_17)
FN:259,(anonymous_18)
FN:267,(anonymous_19)
FN:272,(anonymous_20)
FNF:21
FNH:7
FNDA:0,(anonymous_0)
FNDA:0,(anonymous_1)
FNDA:0,(anonymous_2)
FNDA:0,(anonymous_3)
FNDA:0,(anonymous_4)
FNDA:0,(anonymous_5)
FNDA:1,(anonymous_6)
FNDA:1,(anonymous_7)
FNDA:1,(anonymous_8)
FNDA:0,(anonymous_9)
FNDA:1,(anonymous_10)
FNDA:0,(anonymous_11)
FNDA:0,(anonymous_12)
FNDA:0,(anonymous_13)
FNDA:1,(anonymous_14)
FNDA:1,(anonymous_15)
FNDA:0,(anonymous_16)
FNDA:0,(anonymous_17)
FNDA:0,(anonymous_18)
FNDA:0,(anonymous_19)
FNDA:4,(anonymous_20)
DA:1,3
DA:2,3
DA:3,3
DA:4,3
DA:5,3
DA:8,3
DA:9,3
DA:10,3
DA:12,3
DA:28,3
DA:44,0
DA:55,0
DA:57,0
DA:66,0
DA:69,0
DA:70,0
DA:79,3
DA:86,3
DA:97,3
DA:125,3
DA:126,1
DA:127,1
DA:128,1
DA:129,1
DA:130,1
DA:131,1
DA:132,1
DA:133,1
DA:135,1
DA:138,1
DA:139,1
DA:140,1
DA:142,1
DA:143,1
DA:146,1
DA:147,0
DA:148,0
DA:151,1
DA:152,1
DA:177,1
DA:182,0
DA:187,1
DA:188,0
DA:189,0
DA:190,0
DA:191,0
DA:192,0
DA:193,0
DA:194,0
DA:195,0
DA:196,0
DA:197,0
DA:198,0
DA:201,1
DA:202,0
DA:203,0
DA:204,0
DA:207,1
DA:208,1
DA:209,1
DA:213,1
DA:241,0
DA:249,0
DA:259,0
DA:267,0
DA:273,4
DA:287,3
LF:67
LH:40
BRDA:136,0,0,0
BRDA:136,0,1,1
BRDA:147,1,0,0
BRDA:188,2,0,0
BRDA:188,3,0,0
BRDA:188,3,1,0
BRDA:188,4,0,0
BRDA:188,4,1,0
BRDA:189,5,0,0
BRDA:189,6,0,0
BRDA:189,6,1,0
BRDA:189,7,0,0
BRDA:189,7,1,0
BRDA:190,8,0,0
BRDA:191,9,0,0
BRDA:192,10,0,0
BRDA:193,11,0,0
BRDA:194,12,0,0
BRDA:194,13,0,0
BRDA:194,13,1,0
BRDA:194,14,0,0
BRDA:194,14,1,0
BRDA:195,15,0,0
BRDA:195,16,0,0
BRDA:195,16,1,0
BRDA:195,17,0,0
BRDA:195,17,1,0
BRDA:196,18,0,0
BRDA:196,19,0,0
BRDA:196,19,1,0
BRDA:196,20,0,0
BRDA:196,20,1,0
BRDA:197,21,0,0
BRDA:197,22,0,0
BRDA:197,22,1,0
BRDA:197,23,0,0
BRDA:197,23,1,0
BRDA:203,24,0,0
BRF:38
BRH:1
end_of_record
TN:
SF:client/src/components/UI/molecules/scheduleTicket/index.tsx
FN:57,(anonymous_0)
FNF:1
FNH:1
FNDA:7,(anonymous_0)
DA:2,3
DA:3,3
DA:4,3
DA:5,3
DA:6,3
DA:8,3
DA:18,3
DA:27,3
DA:35,3
DA:57,3
DA:58,7
DA:75,3
LF:12
LH:12
BRF:0
BRH:0
end_of_record
TN:
SF:client/src/components/UI/molecules/todayTicket/index.tsx
FN:19,(anonymous_0)
FN:39,(anonymous_1)
FN:52,(anonymous_2)
FN:73,(anonymous_3)
FN:76,(anonymous_4)
FNF:5
FNH:5
FNDA:2,(anonymous_0)
FNDA:2,(anonymous_1)
FNDA:2,(anonymous_2)
FNDA:2,(anonymous_3)
FNDA:1,(anonymous_4)
DA:2,1
DA:3,1
DA:4,1
DA:5,1
DA:6,1
DA:7,1
DA:9,1
DA:19,2
DA:27,1
DA:32,1
DA:39,2
DA:51,1
DA:52,2
DA:61,1
DA:73,1
DA:74,2
DA:76,2
DA:77,1
DA:80,2
DA:113,1
LF:20
LH:20
BRF:0
BRH:0
end_of_record
TN:
SF:client/src/components/UI/organisms/BottomOptionBar/index.tsx
FN:39,(anonymous_0)
FNF:1
FNH:1
FNDA:3,(anonymous_0)
DA:2,2
DA:3,2
DA:4,2
DA:5,2
DA:7,2
DA:39,2
DA:40,3
DA:51,2
LF:8
LH:8
BRF:0
BRH:0
end_of_record
TN:
SF:client/src/components/UI/organisms/ChatContainer/index.tsx
FN:37,(anonymous_0)
FNF:1
FNH:1
FNDA:4,(anonymous_0)
DA:1,3
DA:2,3
DA:4,3
DA:5,3
DA:13,3
DA:32,3
DA:37,3
DA:38,4
DA:40,4
DA:48,3
LF:10
LH:10
BRF:0
BRH:0
end_of_record
TN:
SF:client/src/components/UI/organisms/FeatureBox/index.tsx
FN:37,(anonymous_0)
FN:38,(anonymous_1)
FNF:2
FNH:2
FNDA:6,(anonymous_0)
FNDA:15,(anonymous_1)
DA:2,2
DA:3,2
DA:7,2
DA:8,2
DA:9,2
DA:10,2
DA:12,2
DA:22,2
DA:27,2
DA:28,2
DA:29,2
DA:31,2
DA:37,2
DA:38,15
DA:40,6
DA:48,2
LF:16
LH:16
BRF:0
BRH:0
end_of_record
TN:
SF:client/src/components/UI/organisms/RoomList/index.tsx
FN:15,(anonymous_0)
FN:18,(anonymous_1)
FNF:2
FNH:2
FNDA:2,(anonymous_0)
FNDA:12,(anonymous_1)
DA:1,3
DA:3,3
DA:5,3
DA:13,3
DA:15,3
DA:16,2
DA:19,12
DA:25,3
LF:8
LH:8
BRF:0
BRH:0
end_of_record
TN:
SF:client/src/components/UI/organisms/VideoList/index.tsx
FN:29,(anonymous_0)
FN:30,(anonymous_1)
FN:33,(anonymous_2)
FNF:3
FNH:2
FNDA:2,(anonymous_0)
FNDA:6,(anonymous_1)
FNDA:0,(anonymous_2)
DA:2,1
DA:5,1
DA:6,1
DA:8,1
DA:29,1
DA:30,6
DA:31,2
DA:34,0
DA:41,1
DA:50,1
LF:10
LH:9
BRF:0
BRH:0
end_of_record
TN:
SF:client/src/components/UI/organisms/allTickets/index.tsx
FN:15,(anonymous_0)
FN:18,(anonymous_1)
FNF:2
FNH:2
FNDA:2,(anonymous_0)
FNDA:26,(anonymous_1)
DA:1,1
DA:3,1
DA:4,1
DA:6,1
DA:15,1
DA:16,2
DA:19,26
DA:25,1
LF:8
LH:8
BRF:0
BRH:0
end_of_record
TN:
SF:client/src/components/UI/organisms/artists/index.tsx
FN:24,(anonymous_0)
FN:29,(anonymous_1)
FNF:2
FNH:2
FNDA:5,(anonymous_0)
FNDA:58,(anonymous_1)
DA:2,3
DA:3,3
DA:5,3
DA:11,3
DA:24,3
DA:25,5
DA:30,58
DA:42,3
LF:8
LH:8
BRF:0
BRH:0
end_of_record
TN:
SF:client/src/components/UI/organisms/artistsBox/index.tsx
FN:18,(anonymous_0)
FN:20,(anonymous_1)
FN:35,(anonymous_2)
FNF:3
FNH:3
FNDA:2,(anonymous_0)
FNDA:2,(anonymous_1)
FNDA:28,(anonymous_2)
DA:2,2
DA:5,2
DA:6,2
DA:7,2
DA:9,2
DA:14,2
DA:15,2
DA:16,2
DA:18,2
DA:19,2
DA:20,2
DA:22,2
DA:35,2
DA:36,28
DA:43,2
LF:15
LH:15
BRDA:25,0,0,2
BRDA:25,0,1,0
BRDA:25,0,2,2
BRDA:28,1,0,2
BRDA:28,1,1,0
BRDA:28,1,2,2
BRF:6
BRH:4
end_of_record
TN:
SF:client/src/components/UI/organisms/calendar/index.tsx
FN:23,(anonymous_0)
FN:25,(anonymous_1)
FNF:2
FNH:2
FNDA:1,(anonymous_0)
FNDA:1,(anonymous_1)
DA:2,2
DA:3,2
DA:4,2
DA:5,2
DA:8,2
DA:10,2
DA:23,2
DA:24,1
DA:25,1
DA:27,1
DA:37,2
LF:11
LH:11
BRDA:32,0,0,0
BRDA:32,0,1,1
BRF:2
BRH:1
end_of_record
TN:
SF:client/src/components/UI/organisms/chatBox/index.tsx
FN:37,(anonymous_0)
FNF:1
FNH:1
FNDA:1,(anonymous_0)
DA:1,1
DA:2,1
DA:4,1
DA:5,1
DA:13,1
DA:32,1
DA:37,1
DA:38,1
DA:40,1
DA:48,1
LF:10
LH:10
BRF:0
BRH:0
end_of_record
TN:
SF:client/src/components/UI/organisms/detailTicket/index.tsx
FN:25,(anonymous_0)
FN:43,(anonymous_1)
FN:78,(anonymous_2)
FN:86,(anonymous_3)
FN:96,(anonymous_4)
FN:96,(anonymous_5)
FN:100,(anonymous_6)
FN:105,(anonymous_7)
FN:118,(anonymous_8)
FN:120,(anonymous_9)
FN:123,(anonymous_10)
FNF:11
FNH:9
FNDA:2,(anonymous_0)
FNDA:2,(anonymous_1)
FNDA:3,(anonymous_2)
FNDA:2,(anonymous_3)
FNDA:1,(anonymous_4)
FNDA:1,(anonymous_5)
FNDA:0,(anonymous_6)
FNDA:1,(anonymous_7)
FNDA:1,(anonymous_8)
FNDA:0,(anonymous_9)
FNDA:1,(anonymous_10)
DA:1,1
DA:2,1
DA:3,1
DA:4,1
DA:5,1
DA:6,1
DA:7,1
DA:8,1
DA:9,1
DA:11,1
DA:22,1
DA:25,2
DA:29,1
DA:34,1
DA:42,1
DA:43,2
DA:59,1
DA:65,1
DA:72,1
DA:78,1
DA:79,3
DA:82,1
DA:84,1
DA:86,1
DA:87,2
DA:89,2
DA:90,2
DA:91,2
DA:92,2
DA:93,2
DA:95,2
DA:96,1
DA:100,2
DA:101,0
DA:102,0
DA:105,2
DA:106,1
DA:107,1
DA:108,1
DA:109,0
DA:110,0
DA:111,0
DA:113,1
DA:114,1
DA:115,1
DA:118,2
DA:119,1
DA:120,1
DA:121,0
DA:123,1
DA:124,1
DA:128,2
DA:162,1
LF:53
LH:47
BRDA:101,0,0,0
BRDA:108,1,0,0
BRDA:109,2,0,0
BRDA:109,3,0,0
BRDA:109,3,1,0
BRDA:109,4,0,0
BRDA:109,4,1,0
BRDA:124,5,0,1
BRDA:136,6,0,0
BRDA:136,6,1,2
BRDA:136,7,0,2
BRDA:136,7,1,2
BRDA:138,8,0,0
BRDA:138,8,1,2
BRDA:138,9,0,2
BRDA:138,9,1,2
BRDA:139,10,0,0
BRDA:139,10,1,2
BRDA:139,11,0,2
BRDA:139,11,1,2
BRDA:143,12,0,0
BRDA:143,12,1,2
BRDA:143,13,0,2
BRDA:143,13,1,2
BRDA:145,14,0,0
BRDA:145,14,1,2
BRDA:145,15,0,2
BRDA:145,15,1,2
BRDA:150,16,0,0
BRDA:150,16,1,2
BRDA:153,17,0,0
BRDA:153,17,1,2
BRDA:154,18,0,0
BRDA:154,18,1,2
BRF:34
BRH:19
end_of_record
TN:
SF:client/src/components/UI/organisms/header/index.tsx
FN:42,(anonymous_0)
FN:48,(anonymous_1)
FN:51,(anonymous_2)
FN:54,(anonymous_3)
FN:59,(anonymous_4)
FN:59,(anonymous_5)
FN:66,(anonymous_6)
FN:88,(anonymous_7)
FNF:8
FNH:6
FNDA:5,(anonymous_0)
FNDA:1,(anonymous_1)
FNDA:0,(anonymous_2)
FNDA:0,(anonymous_3)
FNDA:10,(anonymous_4)
FNDA:1,(anonymous_5)
FNDA:4,(anonymous_6)
FNDA:15,(anonymous_7)
DA:1,3
DA:2,3
DA:3,3
DA:4,3
DA:5,3
DA:6,3
DA:7,3
DA:9,3
DA:23,3
DA:37,3
DA:42,3
DA:44,5
DA:45,5
DA:48,5
DA:49,1
DA:51,5
DA:52,0
DA:54,5
DA:55,0
DA:58,5
DA:59,10
DA:60,1
DA:65,5
DA:66,4
DA:74,5
DA:89,15
DA:98,3
LF:27
LH:25
BRDA:80,0,0,0
BRDA:80,0,1,5
BRF:2
BRH:1
end_of_record
TN:
SF:client/src/components/UI/organisms/participantsList/index.tsx
FN:18,(anonymous_0)
FN:21,(anonymous_1)
FNF:2
FNH:2
FNDA:2,(anonymous_0)
FNDA:8,(anonymous_1)
DA:1,3
DA:3,3
DA:5,3
DA:11,3
DA:18,3
DA:19,2
DA:22,8
DA:33,3
LF:8
LH:8
BRF:0
BRH:0
end_of_record
TN:
SF:client/src/components/UI/organisms/schedules/index.tsx
FN:30,(anonymous_0)
FN:38,(anonymous_1)
FNF:2
FNH:2
FNDA:2,(anonymous_0)
FNDA:6,(anonymous_1)
DA:1,2
DA:3,2
DA:4,2
DA:6,2
DA:11,2
DA:23,2
DA:30,2
DA:31,2
DA:39,6
DA:46,2
DA:52,2
LF:11
LH:11
BRF:0
BRH:0
end_of_record
TN:
SF:client/src/components/UI/organisms/todayTickets/index.tsx
FN:21,(anonymous_0)
FN:28,(anonymous_1)
FN:29,(anonymous_2)
FN:36,(anonymous_3)
FN:40,(anonymous_4)
FN:44,(anonymous_5)
FN:48,(anonymous_6)
FN:53,(anonymous_7)
FN:75,(anonymous_8)
FNF:9
FNH:0
FNDA:0,(anonymous_0)
FNDA:0,(anonymous_1)
FNDA:0,(anonymous_2)
FNDA:0,(anonymous_3)
FNDA:0,(anonymous_4)
FNDA:0,(anonymous_5)
FNDA:0,(anonymous_6)
FNDA:0,(anonymous_7)
FNDA:0,(anonymous_8)
DA:1,0
DA:2,0
DA:3,0
DA:4,0
DA:5,0
DA:6,0
DA:7,0
DA:8,0
DA:9,0
DA:12,0
DA:19,0
DA:21,0
DA:28,0
DA:29,0
DA:36,0
DA:37,0
DA:38,0
DA:40,0
DA:41,0
DA:44,0
DA:45,0
DA:48,0
DA:49,0
DA:50,0
DA:53,0
DA:54,0
DA:55,0
DA:58,0
DA:66,0
DA:67,0
DA:76,0
DA:89,0
LF:32
LH:0
BRDA:28,0,0,0
BRDA:28,0,1,0
BRDA:29,1,0,0
BRDA:29,1,1,0
BRDA:49,2,0,0
BRDA:50,3,0,0
BRDA:50,3,1,0
BRDA:50,4,0,0
BRDA:50,4,1,0
BRDA:54,5,0,0
BRDA:55,6,0,0
BRDA:55,6,1,0
BRDA:55,7,0,0
BRDA:55,7,1,0
BRF:14
BRH:0
end_of_record
TN:
SF:client/src/components/hoc/modal/index.tsx
FN:43,(anonymous_0)
FNF:1
FNH:1
FNDA:1,(anonymous_0)
DA:2,3
DA:4,3
DA:17,3
DA:25,3
DA:43,3
DA:44,1
DA:56,3
LF:7
LH:7
BRDA:46,0,0,1
BRDA:46,0,1,0
BRF:2
BRH:1
end_of_record
TN:
SF:client/src/pages/404/index.tsx
FN:14,(anonymous_0)
FNF:1
FNH:0
FNDA:0,(anonymous_0)
DA:1,0
DA:3,0
DA:5,0
DA:14,0
DA:15,0
DA:22,0
LF:6
LH:0
BRF:0
BRH:0
end_of_record
TN:
SF:client/src/pages/AuthCallback/index.tsx
FN:16,(anonymous_0)
FN:19,(anonymous_1)
FN:34,(anonymous_2)
FNF:3
FNH:0
FNDA:0,(anonymous_0)
FNDA:0,(anonymous_1)
FNDA:0,(anonymous_2)
DA:1,0
DA:2,0
DA:3,0
DA:4,0
DA:6,0
DA:8,0
DA:16,0
DA:17,0
DA:19,0
DA:20,0
DA:21,0
DA:22,0
DA:27,0
DA:29,0
DA:30,0
DA:34,0
DA:35,0
DA:38,0
DA:45,0
LF:19
LH:0
BRF:0
BRH:0
end_of_record
TN:
SF:client/src/pages/FanUP/index.tsx
FN:30,(anonymous_0)
FNF:1
FNH:1
FNDA:3,(anonymous_0)
DA:1,1
DA:2,1
DA:3,1
DA:4,1
DA:5,1
DA:6,1
DA:8,1
DA:11,1
DA:12,1
DA:14,1
DA:22,1
DA:30,1
DA:31,3
DA:32,3
DA:33,3
DA:34,3
DA:36,3
DA:38,2
DA:52,1
LF:19
LH:19
BRDA:36,0,0,1
BRF:1
BRH:1
end_of_record
TN:
SF:client/src/pages/FanUP/useCheckFanUp.ts
FN:4,useCheckFanUp
FN:9,(anonymous_1)
FNF:2
FNH:2
FNDA:3,useCheckFanUp
FNDA:1,(anonymous_1)
DA:1,1
DA:2,1
DA:4,1
DA:5,3
DA:6,3
DA:7,3
DA:9,3
DA:10,1
DA:11,0
DA:12,0
DA:15,1
DA:17,3
LF:12
LH:10
BRDA:10,0,0,0
BRF:1
BRH:0
end_of_record
TN:
SF:client/src/pages/Home/index.tsx
FN:21,(anonymous_0)
FN:33,(anonymous_1)
FNF:2
FNH:1
FNDA:0,(anonymous_0)
FNDA:1,(anonymous_1)
DA:1,1
DA:2,1
DA:3,1
DA:4,1
DA:5,1
DA:7,1
DA:9,1
DA:20,1
DA:21,0
DA:27,1
DA:33,1
DA:34,1
DA:36,1
DA:58,1
LF:14
LH:13
BRDA:39,0,0,0
BRDA:39,0,1,1
BRF:2
BRH:1
end_of_record
TN:
SF:client/src/pages/Ticket/index.tsx
FN:8,(anonymous_0)
FN:11,(anonymous_1)
FNF:2
FNH:0
FNDA:0,(anonymous_0)
FNDA:0,(anonymous_1)
DA:2,0
DA:3,0
DA:4,0
DA:6,0
DA:8,0
DA:11,0
DA:12,0
DA:22,0
LF:8
LH:0
BRF:0
BRH:0
end_of_record
TN:
SF:client/src/pages/Tickets/index.tsx
FN:23,(anonymous_0)
FNF:1
FNH:0
FNDA:0,(anonymous_0)
DA:2,0
DA:3,0
DA:4,0
DA:5,0
DA:6,0
DA:7,0
DA:13,0
DA:23,0
DA:24,0
DA:40,0
LF:10
LH:0
BRF:0
BRH:0
end_of_record
TN:
SF:client/src/store/index.ts
FN:9,(anonymous_0)
FNF:1
FNH:1
FNDA:29,(anonymous_0)
DA:1,29
DA:2,29
DA:3,29
DA:4,29
DA:5,29
DA:7,29
DA:10,29
DA:18,29
LF:8
LH:8
BRF:0
BRH:0
end_of_record
TN:
SF:client/src/store/rootReducer.ts
FNF:0
FNH:0
DA:1,29
DA:2,29
DA:3,29
DA:4,29
DA:5,29
DA:6,29
DA:7,29
DA:9,29
DA:19,29
LF:9
LH:9
BRF:0
BRH:0
end_of_record
TN:
SF:client/src/store/artist/artist.test.ts
FN:11,(anonymous_0)
FN:12,(anonymous_1)
FN:16,(anonymous_2)
FN:20,(anonymous_3)
FN:24,(anonymous_4)
FN:28,(anonymous_5)
FN:32,(anonymous_6)
FNF:7
FNH:0
FNDA:0,(anonymous_0)
FNDA:0,(anonymous_1)
FNDA:0,(anonymous_2)
FNDA:0,(anonymous_3)
FNDA:0,(anonymous_4)
FNDA:0,(anonymous_5)
FNDA:0,(anonymous_6)
DA:1,0
DA:11,0
DA:12,0
DA:13,0
DA:14,0
DA:16,0
DA:17,0
DA:18,0
DA:20,0
DA:21,0
DA:22,0
DA:24,0
DA:25,0
DA:26,0
DA:28,0
DA:29,0
DA:30,0
DA:32,0
DA:33,0
DA:34,0
LF:20
LH:0
BRF:0
BRH:0
end_of_record
TN:
SF:client/src/store/artist/index.ts
FN:15,(anonymous_0)
FN:18,(anonymous_1)
FN:21,(anonymous_2)
FN:24,(anonymous_3)
FN:27,(anonymous_4)
FN:30,(anonymous_5)
FNF:6
FNH:1
FNDA:0,(anonymous_0)
FNDA:0,(anonymous_1)
FNDA:0,(anonymous_2)
FNDA:0,(anonymous_3)
FNDA:1,(anonymous_4)
FNDA:0,(anonymous_5)
DA:2,29
DA:4,29
DA:11,29
DA:16,0
DA:19,0
DA:22,0
DA:25,0
DA:28,1
DA:31,0
DA:36,29
DA:44,29
LF:11
LH:6
BRF:0
BRH:0
end_of_record
TN:
SF:client/src/store/fanUp/index.ts
FN:14,(anonymous_0)
FNF:1
FNH:1
FNDA:2,(anonymous_0)
DA:2,29
DA:4,29
DA:6,29
DA:10,29
DA:15,2
DA:20,29
DA:21,29
LF:7
LH:7
BRF:0
BRH:0
end_of_record
TN:
SF:client/src/store/user/index.ts
FN:19,(anonymous_0)
FN:23,(anonymous_1)
FN:27,(anonymous_2)
FN:31,(anonymous_3)
FN:34,(anonymous_4)
FN:37,(anonymous_5)
FNF:6
FNH:3
FNDA:0,(anonymous_0)
FNDA:0,(anonymous_1)
FNDA:0,(anonymous_2)
FNDA:2,(anonymous_3)
FNDA:1,(anonymous_4)
FNDA:2,(anonymous_5)
DA:2,30
DA:4,30
DA:6,30
DA:15,30
DA:20,0
DA:21,0
DA:24,0
DA:25,0
DA:28,0
DA:29,0
DA:32,2
DA:35,1
DA:38,2
DA:43,30
DA:46,30
LF:15
LH:9
BRF:0
BRH:0
end_of_record
TN:
SF:server/gateway/src/app.controller.ts
FN:6,(anonymous_2)
FN:9,(anonymous_3)
FNF:2
FNH:2
FNDA:2,(anonymous_2)
FNDA:2,(anonymous_3)
DA:1,2
DA:2,2
DA:5,2
DA:6,2
DA:8,2
DA:10,2
LF:6
LH:6
BRF:0
BRH:0
end_of_record
TN:
SF:server/gateway/src/app.module.ts
FNF:0
FNH:0
DA:1,1
DA:2,1
DA:3,1
DA:4,1
DA:5,1
DA:6,1
DA:7,1
DA:14,1
LF:8
LH:8
BRF:0
BRH:0
end_of_record
TN:
SF:server/gateway/src/app.service.ts
FN:5,(anonymous_1)
FNF:1
FNH:1
FNDA:2,(anonymous_1)
DA:1,3
DA:4,3
DA:6,2
LF:3
LH:3
BRF:0
BRH:0
end_of_record
TN:
SF:server/gateway/src/main.ts
FN:4,bootstrap
FNF:1
FNH:0
FNDA:0,bootstrap
DA:1,0
DA:2,0
DA:5,0
DA:6,0
DA:7,0
DA:8,0
DA:10,0
LF:7
LH:0
BRF:0
BRH:0
end_of_record
TN:
SF:server/gateway/src/auth/auth.controller.ts
FN:6,(anonymous_2)
FN:9,(anonymous_3)
FNF:2
FNH:1
FNDA:1,(anonymous_2)
FNDA:0,(anonymous_3)
DA:1,1
DA:2,1
DA:5,1
DA:6,1
DA:8,1
DA:10,0
LF:6
LH:5
BRF:0
BRH:0
end_of_record
TN:
SF:server/gateway/src/auth/auth.module.ts
FNF:0
FNH:0
DA:1,1
DA:2,1
DA:4,1
DA:5,1
DA:6,1
DA:25,1
LF:6
LH:6
BRF:0
BRH:0
end_of_record
TN:
SF:server/gateway/src/auth/auth.service.ts
FN:8,(anonymous_4)
FN:13,(anonymous_5)
FNF:2
FNH:1
FNDA:1,(anonymous_4)
FNDA:0,(anonymous_5)
DA:1,1
DA:2,1
DA:4,1
DA:7,1
DA:10,1
DA:14,0
LF:6
LH:5
BRF:0
BRH:0
end_of_record
TN:
SF:server/gateway/src/constants/microservices.ts
FNF:0
FNH:0
DA:1,1
DA:2,1
DA:20,1
LF:3
LH:3
BRDA:1,0,0,1
BRDA:1,0,1,0
BRDA:5,1,0,0
BRDA:5,1,1,1
BRDA:10,2,0,0
BRDA:10,2,1,1
BRDA:15,3,0,0
BRDA:15,3,1,1
BRF:8
BRH:4
end_of_record
TN:
SF:server/gateway/src/core/core.controller.ts
FN:7,(anonymous_2)
FN:10,(anonymous_3)
FNF:2
FNH:1
FNDA:1,(anonymous_2)
FNDA:0,(anonymous_3)
DA:1,1
DA:3,1
DA:6,1
DA:7,1
DA:9,1
DA:11,0
LF:6
LH:5
BRF:0
BRH:0
end_of_record
TN:
SF:server/gateway/src/core/core.module.ts
FNF:0
FNH:0
DA:1,1
DA:2,1
DA:3,1
DA:4,1
DA:5,1
DA:24,1
LF:6
LH:6
BRF:0
BRH:0
end_of_record
TN:
SF:server/gateway/src/core/core.service.ts
FN:8,(anonymous_4)
FN:13,(anonymous_5)
FNF:2
FNH:1
FNDA:1,(anonymous_4)
FNDA:0,(anonymous_5)
DA:1,1
DA:2,1
DA:5,1
DA:7,1
DA:10,1
DA:14,0
LF:6
LH:5
BRF:0
BRH:0
end_of_record
TN:
SF:server/gateway/src/socket/chat.gateway.ts
FN:28,(anonymous_4)
FN:36,(anonymous_5)
FN:55,(anonymous_6)
FN:67,(anonymous_7)
FN:74,(anonymous_8)
FN:78,(anonymous_9)
FN:84,(anonymous_10)
FNF:7
FNH:7
FNDA:2,(anonymous_4)
FNDA:4,(anonymous_5)
FNDA:1,(anonymous_6)
FNDA:4,(anonymous_7)
FNDA:4,(anonymous_8)
FNDA:5,(anonymous_9)
FNDA:7,(anonymous_10)
DA:1,2
DA:2,2
DA:11,2
DA:12,2
DA:28,2
DA:29,2
DA:32,2
DA:33,2
DA:35,2
DA:40,4
DA:41,4
DA:43,4
DA:44,4
DA:45,2
DA:47,2
DA:49,4
DA:54,2
DA:59,1
DA:60,1
DA:61,1
DA:67,2
DA:74,2
DA:75,4
DA:76,4
DA:78,4
DA:79,5
DA:82,4
DA:83,4
DA:84,7
DA:87,4
DA:91,2
LF:31
LH:31
BRDA:44,0,0,2
BRDA:44,0,1,2
BRDA:82,1,0,4
BRF:3
BRH:3
end_of_record
TN:
SF:server/gateway/src/socket/fanup.gateway.ts
FN:15,(anonymous_4)
FN:22,(anonymous_5)
FN:37,(anonymous_6)
FN:45,(anonymous_7)
FN:53,(anonymous_8)
FN:61,(anonymous_9)
FN:69,(anonymous_10)
FN:73,(anonymous_11)
FN:79,(anonymous_12)
FNF:9
FNH:9
FNDA:2,(anonymous_4)
FNDA:4,(anonymous_5)
FNDA:1,(anonymous_6)
FNDA:1,(anonymous_7)
FNDA:1,(anonymous_8)
FNDA:4,(anonymous_9)
FNDA:4,(anonymous_10)
FNDA:5,(anonymous_11)
FNDA:7,(anonymous_12)
DA:1,2
DA:10,2
DA:15,2
DA:16,2
DA:19,2
DA:21,2
DA:23,4
DA:25,4
DA:27,4
DA:28,2
DA:30,2
DA:33,4
DA:36,2
DA:38,1
DA:39,1
DA:44,2
DA:46,1
DA:47,1
DA:52,2
DA:54,1
DA:55,1
DA:61,2
DA:69,2
DA:70,4
DA:71,4
DA:73,4
DA:74,5
DA:77,4
DA:78,4
DA:79,7
DA:82,4
DA:86,2
LF:32
LH:32
BRDA:27,0,0,2
BRDA:27,0,1,2
BRDA:77,1,0,4
BRF:3
BRH:3
end_of_record
TN:
SF:server/gateway/src/socket/socket.module.ts
FNF:0
FNH:0
DA:1,1
DA:2,1
DA:3,1
DA:4,1
DA:10,1
LF:5
LH:5
BRF:0
BRH:0
end_of_record
TN:
SF:server/gateway/src/ticket/ticket.controller.ts
FN:8,(anonymous_4)
FN:14,(anonymous_5)
FNF:2
FNH:1
FNDA:1,(anonymous_4)
FNDA:0,(anonymous_5)
DA:1,1
DA:2,1
DA:4,1
DA:7,1
DA:10,1
DA:13,1
DA:15,0
LF:7
LH:6
BRF:0
BRH:0
end_of_record
TN:
SF:server/gateway/src/ticket/ticket.module.ts
FNF:0
FNH:0
DA:1,1
DA:2,1
DA:4,1
DA:5,1
DA:22,1
LF:5
LH:5
BRF:0
BRH:0
end_of_record
TN:
SF:server/services/auth/src/app.controller.ts
FN:6,(anonymous_2)
FN:9,(anonymous_3)
FNF:2
FNH:2
FNDA:1,(anonymous_2)
FNDA:1,(anonymous_3)
DA:1,1
DA:2,1
DA:5,1
DA:6,1
DA:8,1
DA:10,1
LF:6
LH:6
BRF:0
BRH:0
end_of_record
TN:
SF:server/services/auth/src/app.module.ts
FNF:0
FNH:0
DA:1,0
DA:2,0
DA:3,0
DA:4,0
DA:11,0
LF:5
LH:0
BRF:0
BRH:0
end_of_record
TN:
SF:server/services/auth/src/app.service.ts
FN:5,(anonymous_1)
FNF:1
FNH:1
FNDA:1,(anonymous_1)
DA:1,1
DA:4,1
DA:6,1
LF:3
LH:3
BRF:0
BRH:0
end_of_record
TN:
SF:server/services/auth/src/main.ts
FN:8,bootstrap
FNF:1
FNH:0
FNDA:0,bootstrap
DA:1,0
DA:2,0
DA:4,0
DA:6,0
DA:9,0
DA:10,0
DA:17,0
DA:18,0
DA:19,0
DA:21,0
LF:10
LH:0
BRF:0
BRH:0
end_of_record
TN:
SF:server/services/auth/src/auth/auth.controller.ts
FN:17,(anonymous_4)
FN:21,(anonymous_5)
FN:27,(anonymous_6)
FN:33,(anonymous_7)
FN:42,(anonymous_8)
FN:48,(anonymous_9)
FNF:6
FNH:0
FNDA:0,(anonymous_4)
FNDA:0,(anonymous_5)
FNDA:0,(anonymous_6)
FNDA:0,(anonymous_7)
FNDA:0,(anonymous_8)
FNDA:0,(anonymous_9)
DA:1,0
DA:10,0
DA:11,0
DA:13,0
DA:16,0
DA:17,0
DA:19,0
DA:22,0
DA:27,0
DA:33,0
DA:37,0
DA:42,0
DA:48,0
DA:52,0
LF:14
LH:0
BRF:0
BRH:0
end_of_record
TN:
SF:server/services/auth/src/auth/strategies/google.strategy.ts
FN:10,(anonymous_2)
FN:19,(anonymous_3)
FNF:2
FNH:0
FNDA:0,(anonymous_2)
FNDA:0,(anonymous_3)
DA:1,0
DA:2,0
DA:3,0
DA:4,0
DA:9,0
DA:10,0
DA:11,0
DA:24,0
DA:26,0
LF:9
LH:0
BRF:0
BRH:0
end_of_record
TN:
SF:server/services/auth/src/auth/strategies/jwt.strategy.ts
FN:12,(anonymous_2)
FN:20,(anonymous_3)
FNF:2
FNH:0
FNDA:0,(anonymous_2)
FNDA:0,(anonymous_3)
DA:1,0
DA:2,0
DA:3,0
DA:4,0
DA:11,0
DA:12,0
DA:13,0
DA:21,0
DA:24,0
LF:9
LH:0
BRF:0
BRH:0
end_of_record
TN:
SF:server/services/auth/src/auth/strategies/kakao.strategy.ts
FN:10,(anonymous_2)
FN:17,(anonymous_3)
FNF:2
FNH:0
FNDA:0,(anonymous_2)
FNDA:0,(anonymous_3)
DA:1,0
DA:2,0
DA:3,0
DA:4,0
DA:9,0
DA:10,0
DA:11,0
DA:22,0
DA:24,0
LF:9
LH:0
BRF:0
BRH:0
end_of_record
TN:
SF:server/services/auth/src/auth/strategies/refresh.strategy.ts
FN:14,(anonymous_2)
FN:22,(anonymous_3)
FNF:2
FNH:0
FNDA:0,(anonymous_2)
FNDA:0,(anonymous_3)
DA:1,0
DA:2,0
DA:3,0
DA:10,0
DA:15,0
DA:23,0
LF:6
LH:0
BRF:0
BRH:0
end_of_record
TN:
SF:server/services/auth/src/prisma/prisma.service.ts
FN:6,(anonymous_1)
FN:10,(anonymous_2)
FN:11,(anonymous_3)
FNF:3
FNH:0
FNDA:0,(anonymous_1)
FNDA:0,(anonymous_2)
FNDA:0,(anonymous_3)
DA:1,0
DA:2,0
DA:5,0
DA:7,0
DA:11,0
DA:12,0
LF:6
LH:0
BRF:0
BRH:0
end_of_record
TN:
SF:server/services/auth/src/user/dto/user.dto.ts
FN:4,(anonymous_2)
FNF:1
FNH:0
FNDA:0,(anonymous_2)
DA:1,0
DA:3,0
DA:5,0
DA:6,0
DA:7,0
DA:8,0
DA:10,0
DA:14,0
DA:18,0
DA:21,0
LF:10
LH:0
BRF:0
BRH:0
end_of_record
TN:
SF:server/services/core/src/app.controller.ts
FN:7,(anonymous_2)
FN:10,(anonymous_3)
FN:15,(anonymous_4)
FNF:3
FNH:2
FNDA:2,(anonymous_2)
FNDA:2,(anonymous_3)
FNDA:0,(anonymous_4)
DA:1,2
DA:2,2
DA:3,2
DA:6,2
DA:7,2
DA:9,2
DA:11,2
DA:14,2
DA:16,0
LF:9
LH:8
BRF:0
BRH:0
end_of_record
TN:
SF:server/services/core/src/app.module.ts
FNF:0
FNH:0
DA:1,1
DA:2,1
DA:3,1
DA:4,1
DA:11,1
LF:5
LH:5
BRF:0
BRH:0
end_of_record
TN:
SF:server/services/core/src/app.service.ts
FN:5,(anonymous_1)
FN:9,(anonymous_2)
FNF:2
FNH:1
FNDA:2,(anonymous_1)
FNDA:0,(anonymous_2)
DA:1,2
DA:4,2
DA:6,2
DA:10,0
LF:4
LH:3
BRF:0
BRH:0
end_of_record
TN:
SF:server/services/core/src/main.ts
FN:5,bootstrap
FNF:1
FNH:0
FNDA:0,bootstrap
DA:1,0
DA:2,0
DA:3,0
DA:6,0
DA:7,0
DA:14,0
DA:15,0
DA:16,0
DA:18,0
LF:9
LH:0
BRF:0
BRH:0
end_of_record
TN:
SF:server/services/core/src/fanup/fanup.module.ts
FNF:0
FNH:0
DA:1,1
DA:4,1
LF:2
LH:2
BRF:0
BRH:0
end_of_record
TN:
SF:server/services/ticket/src/app.controller.ts
FN:7,(anonymous_2)
FN:10,(anonymous_3)
FN:15,(anonymous_4)
FNF:3
FNH:2
FNDA:2,(anonymous_2)
FNDA:2,(anonymous_3)
FNDA:0,(anonymous_4)
DA:1,2
DA:2,2
DA:3,2
DA:6,2
DA:7,2
DA:9,2
DA:11,2
DA:14,2
DA:16,0
LF:9
LH:8
BRF:0
BRH:0
end_of_record
TN:
SF:server/services/ticket/src/app.module.ts
FNF:0
FNH:0
DA:1,1
DA:2,1
DA:3,1
DA:10,1
LF:4
LH:4
BRF:0
BRH:0
end_of_record
TN:
SF:server/services/ticket/src/app.service.ts
FN:5,(anonymous_1)
FN:9,(anonymous_2)
FNF:2
FNH:1
FNDA:2,(anonymous_1)
FNDA:0,(anonymous_2)
DA:1,2
DA:4,2
DA:6,2
DA:10,0
LF:4
LH:3
BRF:0
BRH:0
end_of_record
TN:
SF:server/services/ticket/src/main.ts
FN:5,bootstrap
FNF:1
FNH:0
FNDA:0,bootstrap
DA:1,0
DA:2,0
DA:3,0
DA:6,0
DA:7,0
DA:14,0
DA:15,0
DA:16,0
DA:18,0
LF:9
LH:0
BRF:0
BRH:0
end_of_record
