TN:
SF:client/src/index.tsx
FNF:0
FNH:0
DA:2,0
DA:3,0
DA:4,0
DA:5,0
DA:6,0
DA:7,0
DA:8,0
DA:10,0
DA:11,0
DA:22,0
LF:10
LH:0
BRF:0
BRH:0
end_of_record
TN:
SF:client/src/components/UI/atoms/Button/Button.tsx
FN:22,(anonymous_1)
FN:23,(anonymous_2)
FN:24,(anonymous_3)
FN:26,(anonymous_4)
FN:31,(anonymous_5)
FNF:5
FNH:0
FNDA:0,(anonymous_1)
FNDA:0,(anonymous_2)
FNDA:0,(anonymous_3)
FNDA:0,(anonymous_4)
FNDA:0,(anonymous_5)
DA:2,0
DA:16,0
DA:22,0
DA:23,0
DA:24,0
DA:26,0
DA:31,0
DA:32,0
DA:39,0
LF:9
LH:0
BRDA:26,0,0,0
BRDA:26,0,1,0
BRDA:26,1,0,0
BRDA:26,1,1,0
BRF:4
BRH:0
end_of_record
TN:
SF:client/src/components/UI/atoms/Button/index.tsx
FN:1,(anonymous_0)
FNF:1
FNH:0
FNDA:0,(anonymous_0)
DA:1,0
LF:1
LH:0
BRF:0
BRH:0
end_of_record
TN:
SF:client/src/components/UI/atoms/FanUP/CameraBtn/index.tsx
FN:10,(anonymous_0)
FN:11,(anonymous_1)
FN:14,(anonymous_2)
FN:16,(anonymous_3)
FNF:4
FNH:3
FNDA:6,(anonymous_0)
FNDA:9,(anonymous_1)
FNDA:1,(anonymous_2)
FNDA:0,(anonymous_3)
DA:1,3
DA:2,3
DA:3,3
DA:4,3
DA:5,3
DA:6,3
DA:10,3
DA:11,9
DA:12,6
DA:14,6
DA:15,1
DA:16,1
DA:19,6
DA:30,3
LF:14
LH:14
BRDA:16,0,0,1
BRDA:16,0,1,0
BRDA:16,1,0,1
BRDA:16,1,1,0
BRDA:23,2,0,1
BRDA:23,2,1,5
BRDA:25,3,0,5
BRDA:25,3,1,1
BRF:8
BRH:6
end_of_record
TN:
SF:client/src/components/UI/atoms/FanUP/ExitBtn/index.tsx
FN:6,(anonymous_0)
FN:9,(anonymous_1)
FNF:2
FNH:2
FNDA:4,(anonymous_0)
FNDA:4,(anonymous_1)
DA:1,3
DA:3,3
DA:5,3
DA:6,4
DA:9,3
DA:10,4
DA:17,3
LF:7
LH:7
BRF:0
BRH:0
end_of_record
TN:
SF:client/src/components/UI/atoms/FanUP/FeatureModeSelector/index.tsx
FN:24,(anonymous_0)
FN:31,(anonymous_1)
FN:33,(anonymous_2)
FN:36,(anonymous_3)
FN:60,(anonymous_4)
FN:60,(anonymous_5)
FN:68,(anonymous_6)
FNF:7
FNH:7
FNDA:24,(anonymous_0)
FNDA:8,(anonymous_1)
FNDA:15,(anonymous_2)
FNDA:7,(anonymous_3)
FNDA:24,(anonymous_4)
FNDA:3,(anonymous_5)
FNDA:24,(anonymous_6)
DA:1,3
DA:2,3
DA:3,3
DA:5,3
DA:8,3
DA:9,3
DA:10,3
DA:12,3
DA:18,3
DA:24,24
DA:27,3
DA:28,3
DA:29,3
DA:31,3
DA:32,8
DA:33,15
DA:35,8
DA:36,7
DA:59,8
DA:60,24
DA:61,3
DA:66,8
DA:69,24
DA:83,3
LF:24
LH:24
BRDA:24,0,0,8
BRDA:24,0,1,16
BRDA:41,1,0,1
BRDA:41,1,1,6
BRDA:47,2,0,1
BRDA:47,2,1,6
BRDA:53,3,0,5
BRDA:53,3,1,2
BRF:8
BRH:8
end_of_record
TN:
SF:client/src/components/UI/atoms/FanUP/MuteBtn/index.tsx
FN:16,(anonymous_0)
FN:17,(anonymous_1)
FN:20,(anonymous_2)
FN:23,(anonymous_3)
FN:25,(anonymous_4)
FN:32,(anonymous_5)
FN:34,(anonymous_6)
FNF:7
FNH:4
FNDA:6,(anonymous_0)
FNDA:9,(anonymous_1)
FNDA:1,(anonymous_2)
FNDA:0,(anonymous_3)
FNDA:0,(anonymous_4)
FNDA:1,(anonymous_5)
FNDA:0,(anonymous_6)
DA:1,3
DA:2,3
DA:3,3
DA:4,3
DA:5,3
DA:6,3
DA:16,3
DA:17,9
DA:18,6
DA:20,6
DA:21,1
DA:22,0
DA:23,0
DA:24,0
DA:25,0
DA:26,0
DA:28,0
DA:32,6
DA:33,1
DA:34,1
DA:35,1
DA:38,6
DA:49,3
LF:23
LH:17
BRDA:21,0,0,1
BRDA:22,1,0,0
BRDA:22,1,1,0
BRDA:22,2,0,0
BRDA:22,2,1,0
BRDA:26,3,0,0
BRDA:26,3,1,0
BRDA:26,4,0,0
BRDA:26,4,1,0
BRDA:28,5,0,0
BRDA:28,5,1,0
BRDA:28,6,0,0
BRDA:28,6,1,0
BRDA:34,7,0,1
BRDA:34,7,1,0
BRDA:34,8,0,1
BRDA:34,8,1,0
BRDA:42,9,0,1
BRDA:42,9,1,5
BRDA:44,10,0,1
BRDA:44,10,1,5
BRF:21
BRH:7
end_of_record
TN:
SF:client/src/components/UI/atoms/FanUP/Participants/index.tsx
FN:49,(anonymous_0)
FN:51,(anonymous_1)
FN:52,(anonymous_2)
FNF:3
FNH:3
FNDA:11,(anonymous_0)
FNDA:1,(anonymous_1)
FNDA:1,(anonymous_2)
DA:1,4
DA:2,4
DA:3,4
DA:4,4
DA:5,4
DA:6,4
DA:7,4
DA:9,4
DA:35,4
DA:38,4
DA:49,4
DA:50,11
DA:51,11
DA:52,1
DA:54,11
DA:76,4
LF:16
LH:16
BRDA:60,0,0,4
BRDA:60,0,1,7
BRDA:61,1,0,7
BRDA:61,1,1,4
BRDA:62,2,0,1
BRDA:62,2,1,10
BRF:6
BRH:6
end_of_record
TN:
SF:client/src/components/UI/atoms/FanUP/RoomBtn/index.tsx
FN:6,(anonymous_0)
FN:23,(anonymous_1)
FNF:2
FNH:2
FNDA:13,(anonymous_0)
FNDA:13,(anonymous_1)
DA:2,4
DA:4,4
DA:6,13
DA:23,4
DA:24,13
DA:27,4
LF:6
LH:6
BRF:0
BRH:0
end_of_record
TN:
SF:client/src/components/UI/atoms/FanUP/Video/index.tsx
FN:3,(anonymous_0)
FN:5,(anonymous_1)
FNF:2
FNH:2
FNDA:2,(anonymous_0)
FNDA:2,(anonymous_1)
DA:1,1
DA:3,1
DA:4,2
DA:5,2
DA:6,2
DA:7,2
DA:8,0
DA:10,2
DA:13,1
LF:9
LH:8
BRDA:6,0,0,0
BRDA:7,1,0,2
BRF:2
BRH:1
end_of_record
TN:
SF:client/src/components/UI/atoms/FanUP/chat/index.tsx
FN:13,(anonymous_0)
FN:29,(anonymous_1)
FN:40,(anonymous_2)
FN:45,(anonymous_3)
FNF:4
FNH:4
FNDA:44,(anonymous_0)
FNDA:44,(anonymous_1)
FNDA:44,(anonymous_2)
FNDA:44,(anonymous_3)
DA:1,3
DA:3,3
DA:5,3
DA:11,3
DA:13,44
DA:16,3
DA:29,3
DA:30,44
DA:40,3
DA:41,44
DA:42,24
DA:45,3
DA:46,44
DA:47,24
DA:50,3
LF:15
LH:15
BRDA:41,0,0,20
BRDA:41,0,1,24
BRDA:46,1,0,20
BRDA:46,1,1,24
BRF:4
BRH:4
end_of_record
TN:
SF:client/src/components/UI/atoms/FanUP/chatForm/index.tsx
FN:24,(anonymous_0)
FN:35,(anonymous_1)
FNF:2
FNH:2
FNDA:4,(anonymous_0)
FNDA:4,(anonymous_1)
DA:1,3
DA:3,3
DA:5,3
DA:24,4
DA:35,3
DA:36,4
DA:46,3
LF:7
LH:7
BRF:0
BRH:0
end_of_record
TN:
SF:client/src/components/UI/atoms/Loading/index.tsx
FN:50,(anonymous_0)
FNF:1
FNH:0
FNDA:0,(anonymous_0)
DA:2,0
DA:4,0
DA:6,0
DA:15,0
DA:45,0
DA:50,0
DA:51,0
DA:60,0
LF:8
LH:0
BRF:0
BRH:0
end_of_record
TN:
SF:client/src/components/UI/layout/header/index.tsx
FN:42,(anonymous_0)
FN:48,(anonymous_1)
FN:51,(anonymous_2)
FN:54,(anonymous_3)
FN:59,(anonymous_4)
FN:59,(anonymous_5)
FN:66,(anonymous_6)
FN:88,(anonymous_7)
FNF:8
FNH:6
FNDA:4,(anonymous_0)
FNDA:1,(anonymous_1)
FNDA:0,(anonymous_2)
FNDA:0,(anonymous_3)
FNDA:8,(anonymous_4)
FNDA:1,(anonymous_5)
FNDA:3,(anonymous_6)
FNDA:12,(anonymous_7)
DA:1,2
DA:2,2
DA:3,2
DA:4,2
DA:5,2
DA:6,2
DA:7,2
DA:9,2
DA:23,2
DA:37,2
DA:42,2
DA:44,4
DA:45,4
DA:48,4
DA:49,1
DA:51,4
DA:52,0
DA:54,4
DA:55,0
DA:58,4
DA:59,8
DA:60,1
DA:65,4
DA:66,3
DA:74,4
DA:89,12
DA:98,2
LF:27
LH:25
BRDA:80,0,0,0
BRDA:80,0,1,4
BRF:2
BRH:1
end_of_record
TN:
SF:client/src/components/UI/organisms/FanUP/BottomOptionBar/index.tsx
FN:39,(anonymous_0)
FNF:1
FNH:1
FNDA:3,(anonymous_0)
DA:2,2
DA:3,2
DA:4,2
DA:5,2
DA:7,2
DA:39,2
DA:40,3
DA:51,2
LF:8
LH:8
BRF:0
BRH:0
end_of_record
TN:
SF:client/src/components/UI/organisms/FanUP/FeatureBox/index.tsx
FN:36,(anonymous_0)
FN:37,(anonymous_1)
FNF:2
FNH:2
FNDA:6,(anonymous_0)
FNDA:13,(anonymous_1)
DA:1,2
DA:5,2
DA:6,2
DA:7,2
DA:8,2
DA:9,2
DA:11,2
DA:21,2
DA:26,2
DA:27,2
DA:28,2
DA:30,2
DA:36,2
DA:37,13
DA:39,6
DA:47,2
LF:16
LH:16
BRF:0
BRH:0
end_of_record
TN:
SF:client/src/components/UI/organisms/FanUP/RoomList/index.tsx
FN:15,(anonymous_0)
FN:18,(anonymous_1)
FNF:2
FNH:2
FNDA:2,(anonymous_0)
FNDA:12,(anonymous_1)
DA:1,3
DA:3,3
DA:5,3
DA:13,3
DA:15,3
DA:16,2
DA:19,12
DA:25,3
LF:8
LH:8
BRF:0
BRH:0
end_of_record
TN:
SF:client/src/components/UI/organisms/FanUP/VideoList/index.tsx
FN:29,(anonymous_0)
FN:30,(anonymous_1)
FN:33,(anonymous_2)
FNF:3
FNH:2
FNDA:2,(anonymous_0)
FNDA:5,(anonymous_1)
FNDA:0,(anonymous_2)
DA:2,1
DA:5,1
DA:6,1
DA:8,1
DA:29,1
DA:30,5
DA:31,2
DA:34,0
DA:41,1
DA:50,1
LF:10
LH:9
BRF:0
BRH:0
end_of_record
TN:
SF:client/src/components/UI/organisms/FanUP/chatBox/index.tsx
FN:43,(anonymous_0)
FN:48,(anonymous_1)
FNF:2
FNH:2
FNDA:4,(anonymous_0)
FNDA:44,(anonymous_1)
DA:1,3
DA:2,3
DA:3,3
DA:4,3
DA:6,3
DA:25,3
DA:30,3
DA:43,3
DA:44,4
DA:45,4
DA:49,44
DA:62,3
LF:12
LH:12
BRF:0
BRH:0
end_of_record
TN:
SF:client/src/components/UI/organisms/FanUP/participantsList/index.tsx
FN:18,(anonymous_0)
FN:21,(anonymous_1)
FNF:2
FNH:2
FNDA:2,(anonymous_0)
FNDA:8,(anonymous_1)
DA:1,3
DA:3,3
DA:5,3
DA:11,3
DA:18,3
DA:19,2
DA:22,8
DA:33,3
LF:8
LH:8
BRF:0
BRH:0
end_of_record
TN:
SF:client/src/pages/AuthCallback/index.tsx
FN:16,(anonymous_0)
FN:19,(anonymous_1)
FN:34,(anonymous_2)
FNF:3
FNH:0
FNDA:0,(anonymous_0)
FNDA:0,(anonymous_1)
FNDA:0,(anonymous_2)
DA:1,0
DA:2,0
DA:3,0
DA:4,0
DA:6,0
DA:8,0
DA:16,0
DA:17,0
DA:19,0
DA:20,0
DA:21,0
DA:22,0
DA:27,0
DA:29,0
DA:30,0
DA:34,0
DA:35,0
DA:38,0
DA:45,0
LF:19
LH:0
BRF:0
BRH:0
end_of_record
TN:
SF:client/src/pages/FanUP/index.tsx
FN:30,(anonymous_0)
FNF:1
FNH:1
FNDA:3,(anonymous_0)
DA:1,1
DA:2,1
DA:3,1
DA:4,1
DA:5,1
DA:6,1
DA:8,1
DA:11,1
DA:12,1
DA:14,1
DA:22,1
DA:30,1
DA:31,3
DA:32,3
DA:33,3
DA:34,3
DA:36,3
DA:38,2
DA:52,1
LF:19
LH:19
BRDA:36,0,0,1
BRF:1
BRH:1
end_of_record
TN:
SF:client/src/pages/FanUP/useCheckFanUp.ts
FN:4,useCheckFanUp
FN:9,(anonymous_1)
FNF:2
FNH:2
FNDA:3,useCheckFanUp
FNDA:1,(anonymous_1)
DA:1,1
DA:2,1
DA:4,1
DA:5,3
DA:6,3
DA:7,3
DA:9,3
DA:10,1
DA:11,0
DA:12,0
DA:15,1
DA:17,3
LF:12
LH:10
BRDA:10,0,0,0
BRF:1
BRH:0
end_of_record
TN:
SF:client/src/pages/Home/index.tsx
FN:23,(anonymous_0)
FN:26,(anonymous_1)
FNF:2
FNH:0
FNDA:0,(anonymous_0)
FNDA:0,(anonymous_1)
DA:1,0
DA:2,0
DA:3,0
DA:4,0
DA:6,0
DA:17,0
DA:23,0
DA:24,0
DA:25,0
DA:26,0
DA:27,0
DA:28,0
DA:30,0
DA:47,0
LF:14
LH:0
BRDA:28,0,0,0
BRDA:28,0,1,0
BRDA:28,1,0,0
BRDA:28,1,1,0
BRF:4
BRH:0
end_of_record
TN:
SF:client/src/store/index.ts
FN:8,(anonymous_0)
FNF:1
FNH:1
FNDA:13,(anonymous_0)
DA:1,13
DA:2,13
DA:3,13
DA:4,13
DA:6,13
DA:9,13
DA:16,13
LF:7
LH:7
BRF:0
BRH:0
end_of_record
TN:
SF:client/src/store/rootReducer.ts
FNF:0
FNH:0
DA:1,13
DA:2,13
DA:3,13
DA:4,13
DA:5,13
DA:6,13
DA:8,13
DA:17,13
LF:8
LH:8
BRF:0
BRH:0
end_of_record
TN:
SF:client/src/store/artist/index.ts
FN:12,(anonymous_0)
FNF:1
FNH:0
FNDA:0,(anonymous_0)
DA:2,13
DA:4,13
DA:8,13
DA:13,0
DA:18,13
DA:19,13
LF:6
LH:5
BRF:0
BRH:0
end_of_record
TN:
SF:client/src/store/fanUp/index.ts
FN:14,(anonymous_0)
FNF:1
FNH:1
FNDA:2,(anonymous_0)
DA:2,13
DA:4,13
DA:6,13
DA:10,13
DA:15,2
DA:20,13
DA:21,13
LF:7
LH:7
BRF:0
BRH:0
end_of_record
TN:
SF:client/src/store/user/index.ts
FN:16,(anonymous_0)
FN:20,(anonymous_1)
FN:24,(anonymous_2)
FN:28,(anonymous_3)
FN:31,(anonymous_4)
FNF:5
FNH:1
FNDA:0,(anonymous_0)
FNDA:0,(anonymous_1)
FNDA:0,(anonymous_2)
FNDA:2,(anonymous_3)
FNDA:0,(anonymous_4)
DA:2,14
DA:4,14
DA:12,14
DA:17,0
DA:18,0
DA:21,0
DA:22,0
DA:25,0
DA:26,0
DA:29,2
DA:32,0
DA:37,14
DA:39,14
LF:13
LH:6
BRF:0
BRH:0
end_of_record
TN:
SF:server/gateway/src/app.controller.ts
FN:6,(anonymous_2)
FN:9,(anonymous_3)
FNF:2
FNH:2
FNDA:2,(anonymous_2)
FNDA:2,(anonymous_3)
DA:1,2
DA:2,2
DA:5,2
DA:6,2
DA:8,2
DA:10,2
LF:6
LH:6
BRF:0
BRH:0
end_of_record
TN:
SF:server/gateway/src/app.module.ts
FNF:0
FNH:0
DA:1,1
DA:2,1
DA:3,1
DA:4,1
DA:5,1
DA:6,1
DA:7,1
DA:14,1
LF:8
LH:8
BRF:0
BRH:0
end_of_record
TN:
SF:server/gateway/src/app.service.ts
FN:5,(anonymous_1)
FNF:1
FNH:1
FNDA:2,(anonymous_1)
DA:1,2
DA:4,2
DA:6,2
LF:3
LH:3
BRF:0
BRH:0
end_of_record
TN:
SF:server/gateway/src/main.ts
FN:4,bootstrap
FNF:1
FNH:0
FNDA:0,bootstrap
DA:1,0
DA:2,0
DA:5,0
DA:6,0
DA:7,0
DA:9,0
LF:6
LH:0
BRF:0
BRH:0
end_of_record
TN:
SF:server/gateway/src/auth/auth.controller.ts
FN:13,(anonymous_2)
FN:16,(anonymous_3)
FNF:2
FNH:1
FNDA:1,(anonymous_2)
FNDA:0,(anonymous_3)
DA:1,1
DA:9,1
DA:12,1
DA:13,1
DA:15,1
DA:17,0
LF:6
LH:5
BRF:0
BRH:0
end_of_record
TN:
SF:server/gateway/src/auth/auth.module.ts
FNF:0
FNH:0
DA:1,1
DA:2,1
DA:4,1
DA:5,1
DA:6,1
DA:24,1
LF:6
LH:6
BRF:0
BRH:0
end_of_record
TN:
SF:server/gateway/src/auth/auth.service.ts
FN:13,(anonymous_4)
FN:18,(anonymous_5)
FNF:2
FNH:1
FNDA:1,(anonymous_4)
FNDA:0,(anonymous_5)
DA:1,1
DA:7,1
DA:9,1
DA:12,1
DA:15,1
DA:19,0
LF:6
LH:5
BRF:0
BRH:0
end_of_record
TN:
SF:server/gateway/src/constants/microservices.ts
FNF:0
FNH:0
DA:1,1
DA:19,1
LF:2
LH:2
BRF:0
BRH:0
end_of_record
TN:
SF:server/gateway/src/core/core.controller.ts
FN:7,(anonymous_2)
FN:10,(anonymous_3)
FNF:2
FNH:1
FNDA:1,(anonymous_2)
FNDA:0,(anonymous_3)
DA:1,1
DA:3,1
DA:6,1
DA:7,1
DA:9,1
DA:11,0
LF:6
LH:5
BRF:0
BRH:0
end_of_record
TN:
SF:server/gateway/src/core/core.module.ts
FNF:0
FNH:0
DA:1,1
DA:2,1
DA:3,1
DA:4,1
DA:5,1
DA:23,1
LF:6
LH:6
BRF:0
BRH:0
end_of_record
TN:
SF:server/gateway/src/core/core.service.ts
FN:8,(anonymous_4)
FN:13,(anonymous_5)
FNF:2
FNH:1
FNDA:1,(anonymous_4)
FNDA:0,(anonymous_5)
DA:1,1
DA:2,1
DA:5,1
DA:7,1
DA:10,1
DA:14,0
LF:6
LH:5
BRF:0
BRH:0
end_of_record
TN:
SF:server/gateway/src/socket/chat.gateway.ts
FN:15,(anonymous_4)
FN:22,(anonymous_5)
FN:35,(anonymous_6)
FN:43,(anonymous_7)
FN:50,(anonymous_8)
FN:54,(anonymous_9)
FN:60,(anonymous_10)
FNF:7
FNH:7
FNDA:2,(anonymous_4)
FNDA:4,(anonymous_5)
FNDA:1,(anonymous_6)
FNDA:4,(anonymous_7)
FNDA:4,(anonymous_8)
FNDA:5,(anonymous_9)
FNDA:7,(anonymous_10)
DA:1,2
DA:10,2
DA:15,2
DA:16,2
DA:19,2
DA:21,2
DA:23,4
DA:25,4
DA:26,4
DA:27,2
DA:29,2
DA:31,4
DA:34,2
DA:36,1
DA:37,1
DA:43,2
DA:50,2
DA:51,4
DA:52,4
DA:54,4
DA:55,5
DA:58,4
DA:59,4
DA:60,7
DA:63,4
DA:67,2
LF:26
LH:26
BRDA:26,0,0,2
BRDA:26,0,1,2
BRDA:58,1,0,4
BRF:3
BRH:3
end_of_record
TN:
SF:server/gateway/src/socket/fanup.gateway.ts
FN:15,(anonymous_4)
FN:22,(anonymous_5)
FN:37,(anonymous_6)
FN:45,(anonymous_7)
FN:53,(anonymous_8)
FN:61,(anonymous_9)
FN:69,(anonymous_10)
FN:73,(anonymous_11)
FN:79,(anonymous_12)
FNF:9
FNH:9
FNDA:2,(anonymous_4)
FNDA:4,(anonymous_5)
FNDA:1,(anonymous_6)
FNDA:1,(anonymous_7)
FNDA:1,(anonymous_8)
FNDA:4,(anonymous_9)
FNDA:4,(anonymous_10)
FNDA:5,(anonymous_11)
FNDA:7,(anonymous_12)
DA:1,2
DA:10,2
DA:15,2
DA:16,2
DA:19,2
DA:21,2
DA:23,4
DA:25,4
DA:27,4
DA:28,2
DA:30,2
DA:33,4
DA:36,2
DA:38,1
DA:39,1
DA:44,2
DA:46,1
DA:47,1
DA:52,2
DA:54,1
DA:55,1
DA:61,2
DA:69,2
DA:70,4
DA:71,4
DA:73,4
DA:74,5
DA:77,4
DA:78,4
DA:79,7
DA:82,4
DA:86,2
LF:32
LH:32
BRDA:27,0,0,2
BRDA:27,0,1,2
BRDA:77,1,0,4
BRF:3
BRH:3
end_of_record
TN:
SF:server/gateway/src/socket/socket.module.ts
FNF:0
FNH:0
DA:1,1
DA:2,1
DA:3,1
DA:4,1
DA:10,1
LF:5
LH:5
BRF:0
BRH:0
end_of_record
TN:
SF:server/gateway/src/ticket/ticket.controller.ts
FN:8,(anonymous_4)
FN:14,(anonymous_5)
FNF:2
FNH:1
FNDA:1,(anonymous_4)
FNDA:0,(anonymous_5)
DA:1,1
DA:2,1
DA:4,1
DA:7,1
DA:10,1
DA:13,1
DA:15,0
LF:7
LH:6
BRF:0
BRH:0
end_of_record
TN:
SF:server/gateway/src/ticket/ticket.module.ts
FNF:0
FNH:0
DA:1,1
DA:2,1
DA:4,1
DA:5,1
DA:21,1
LF:5
LH:5
BRF:0
BRH:0
end_of_record
TN:
SF:server/services/auth/src/app.controller.ts
FN:6,(anonymous_2)
FN:9,(anonymous_3)
FNF:2
FNH:2
FNDA:1,(anonymous_2)
FNDA:1,(anonymous_3)
DA:1,1
DA:2,1
DA:5,1
DA:6,1
DA:8,1
DA:10,1
LF:6
LH:6
BRF:0
BRH:0
end_of_record
TN:
SF:server/services/auth/src/app.module.ts
FNF:0
FNH:0
DA:1,0
DA:2,0
DA:3,0
DA:4,0
DA:11,0
LF:5
LH:0
BRF:0
BRH:0
end_of_record
TN:
SF:server/services/auth/src/app.service.ts
FN:5,(anonymous_1)
FNF:1
FNH:1
FNDA:1,(anonymous_1)
DA:1,1
DA:4,1
DA:6,1
LF:3
LH:3
BRF:0
BRH:0
end_of_record
TN:
SF:server/services/auth/src/main.ts
FN:6,bootstrap
FNF:1
FNH:0
FNDA:0,bootstrap
DA:2,0
DA:3,0
DA:4,0
DA:7,0
DA:16,0
DA:17,0
DA:19,0
LF:7
LH:0
BRF:0
BRH:0
end_of_record
TN:
SF:server/services/auth/src/auth/auth.controller.ts
FN:7,(anonymous_4)
FN:10,(anonymous_5)
FN:15,(anonymous_6)
FNF:3
FNH:0
FNDA:0,(anonymous_4)
FNDA:0,(anonymous_5)
FNDA:0,(anonymous_6)
DA:1,0
DA:2,0
DA:3,0
DA:6,0
DA:7,0
DA:9,0
DA:11,0
DA:14,0
DA:16,0
LF:9
LH:0
BRF:0
BRH:0
end_of_record
TN:
SF:server/services/auth/src/auth/auth.module.ts
FN:14,(anonymous_1)
FNF:1
FNH:0
FNDA:0,(anonymous_1)
DA:1,0
DA:2,0
DA:3,0
DA:5,0
DA:6,0
DA:7,0
DA:8,0
DA:9,0
DA:14,0
DA:26,0
LF:10
LH:0
BRF:0
BRH:0
end_of_record
TN:
SF:server/services/auth/src/auth/auth.service.ts
FN:20,(anonymous_2)
FN:25,(anonymous_3)
FN:29,(anonymous_4)
FN:36,(anonymous_5)
FN:40,(anonymous_6)
FN:49,(anonymous_7)
FN:52,(anonymous_8)
FNF:7
FNH:0
FNDA:0,(anonymous_2)
FNDA:0,(anonymous_3)
FNDA:0,(anonymous_4)
FNDA:0,(anonymous_5)
FNDA:0,(anonymous_6)
FNDA:0,(anonymous_7)
FNDA:0,(anonymous_8)
DA:1,0
DA:2,0
DA:3,0
DA:5,0
DA:19,0
DA:21,0
DA:22,0
DA:26,0
DA:30,0
DA:37,0
DA:41,0
DA:50,0
DA:53,0
DA:54,0
DA:58,0
DA:60,0
LF:16
LH:0
BRF:0
BRH:0
end_of_record
TN:
SF:server/services/auth/src/auth/strategies/jwt.strategy.ts
FN:12,(anonymous_2)
FN:20,(anonymous_3)
FNF:2
FNH:0
FNDA:0,(anonymous_2)
FNDA:0,(anonymous_3)
DA:1,0
DA:2,0
DA:3,0
DA:4,0
DA:11,0
DA:12,0
DA:13,0
DA:21,0
DA:24,0
LF:9
LH:0
BRF:0
BRH:0
end_of_record
TN:
SF:server/services/auth/src/auth/strategies/refresh.strategy.ts
FN:14,(anonymous_2)
FN:22,(anonymous_3)
FNF:2
FNH:0
FNDA:0,(anonymous_2)
FNDA:0,(anonymous_3)
DA:1,0
DA:2,0
DA:3,0
DA:10,0
DA:15,0
DA:23,0
LF:6
LH:0
BRF:0
BRH:0
end_of_record
TN:
SF:server/services/auth/src/prisma/prisma.service.ts
FN:6,(anonymous_1)
FN:10,(anonymous_2)
FN:11,(anonymous_3)
FNF:3
FNH:0
FNDA:0,(anonymous_1)
FNDA:0,(anonymous_2)
FNDA:0,(anonymous_3)
DA:1,0
DA:2,0
DA:5,0
DA:7,0
DA:11,0
DA:12,0
LF:6
LH:0
BRF:0
BRH:0
end_of_record
TN:
SF:server/services/core/src/app.controller.ts
FN:7,(anonymous_2)
FN:10,(anonymous_3)
FN:15,(anonymous_4)
FNF:3
FNH:2
FNDA:2,(anonymous_2)
FNDA:2,(anonymous_3)
FNDA:0,(anonymous_4)
DA:1,2
DA:2,2
DA:3,2
DA:6,2
DA:7,2
DA:9,2
DA:11,2
DA:14,2
DA:16,0
LF:9
LH:8
BRF:0
BRH:0
end_of_record
TN:
SF:server/services/core/src/app.module.ts
FNF:0
FNH:0
DA:1,1
DA:2,1
DA:3,1
DA:4,1
DA:11,1
LF:5
LH:5
BRF:0
BRH:0
end_of_record
TN:
SF:server/services/core/src/app.service.ts
FN:5,(anonymous_1)
FN:9,(anonymous_2)
FNF:2
FNH:1
FNDA:2,(anonymous_1)
FNDA:0,(anonymous_2)
DA:1,2
DA:4,2
DA:6,2
DA:10,0
LF:4
LH:3
BRF:0
BRH:0
end_of_record
TN:
SF:server/services/core/src/main.ts
FN:5,bootstrap
FNF:1
FNH:0
FNDA:0,bootstrap
DA:1,0
DA:2,0
DA:3,0
DA:6,0
DA:16,0
DA:17,0
DA:19,0
LF:7
LH:0
BRF:0
BRH:0
end_of_record
TN:
SF:server/services/core/src/fanup/fanup.gateway.ts
FN:15,(anonymous_4)
FN:24,(anonymous_5)
FN:25,(anonymous_6)
FN:28,(anonymous_7)
FN:31,(anonymous_8)
FN:34,(anonymous_9)
FN:41,(anonymous_10)
FN:44,(anonymous_11)
FN:50,(anonymous_12)
FN:54,(anonymous_13)
FN:58,(anonymous_14)
FN:62,(anonymous_15)
FN:69,(anonymous_16)
FNF:13
FNH:0
FNDA:0,(anonymous_4)
FNDA:0,(anonymous_5)
FNDA:0,(anonymous_6)
FNDA:0,(anonymous_7)
FNDA:0,(anonymous_8)
FNDA:0,(anonymous_9)
FNDA:0,(anonymous_10)
FNDA:0,(anonymous_11)
FNDA:0,(anonymous_12)
FNDA:0,(anonymous_13)
FNDA:0,(anonymous_14)
FNDA:0,(anonymous_15)
FNDA:0,(anonymous_16)
DA:1,0
DA:2,0
DA:10,0
DA:15,0
DA:18,0
DA:20,0
DA:25,0
DA:26,0
DA:28,0
DA:29,0
DA:31,0
DA:32,0
DA:34,0
DA:35,0
DA:37,0
DA:41,0
DA:42,0
DA:44,0
DA:45,0
DA:46,0
DA:47,0
DA:50,0
DA:51,0
DA:54,0
DA:55,0
DA:58,0
DA:59,0
DA:62,0
DA:63,0
DA:64,0
DA:69,0
DA:72,0
LF:32
LH:0
BRF:0
BRH:0
end_of_record
TN:
SF:server/services/core/src/fanup/fanup.module.ts
FNF:0
FNH:0
DA:1,1
DA:4,1
LF:2
LH:2
BRF:0
BRH:0
end_of_record
TN:
SF:server/services/ticket/src/app.controller.ts
FN:7,(anonymous_2)
FN:10,(anonymous_3)
FN:15,(anonymous_4)
FNF:3
FNH:2
FNDA:2,(anonymous_2)
FNDA:2,(anonymous_3)
FNDA:0,(anonymous_4)
DA:1,2
DA:2,2
DA:3,2
DA:6,2
DA:7,2
DA:9,2
DA:11,2
DA:14,2
DA:16,0
LF:9
LH:8
BRF:0
BRH:0
end_of_record
TN:
SF:server/services/ticket/src/app.module.ts
FNF:0
FNH:0
DA:1,1
DA:2,1
DA:3,1
DA:10,1
LF:4
LH:4
BRF:0
BRH:0
end_of_record
TN:
SF:server/services/ticket/src/app.service.ts
FN:5,(anonymous_1)
FN:9,(anonymous_2)
FNF:2
FNH:1
FNDA:2,(anonymous_1)
FNDA:0,(anonymous_2)
DA:1,2
DA:4,2
DA:6,2
DA:10,0
LF:4
LH:3
BRF:0
BRH:0
end_of_record
TN:
SF:server/services/ticket/src/main.ts
FN:5,bootstrap
FNF:1
FNH:0
FNDA:0,bootstrap
DA:1,0
DA:2,0
DA:3,0
DA:6,0
DA:15,0
DA:16,0
DA:18,0
LF:7
LH:0
BRF:0
BRH:0
end_of_record
